<?xml version="1.0" encoding="UTF-8"?>
<testsuite xmlns:xsi="http://www.w3.org/2001/XMLSchema-instance" xsi:noNamespaceSchemaLocation="https://maven.apache.org/surefire/maven-surefire-plugin/xsd/surefire-test-report.xsd" name="ticket.MessageHandlerTest" time="0.125" tests="2" errors="0" skipped="0" failures="0">
  <properties>
[...]
</properties>
  <testcase name="testInvalidMessage" classname="ticket.MessageHandlerTest" time="0.109"/>
  <testcase name="testMessage" classname="ticket.MessageHandlerTest" time="0.016"/>
</testsuite>